build/app/intermediates/manifest_merge_blame_file/debug/manifest-merger-blame-debug-report.txt
1<?xml version="1.0" encoding="utf-8"?>
2<manifest xmlns:android="http://schemas.android.com/apk/res/android"
3    package="com.example.tut"
4    android:versionCode="1"
5    android:versionName="1.0.0" >
6
7    <uses-sdk
8        android:minSdkVersion="19"
9        android:targetSdkVersion="28" />
10    <!--
11         Flutter needs it to communicate with the running application
12         to allow setting breakpoints, to provide hot reload, etc.
13    -->
14    <uses-permission android:name="android.permission.INTERNET" />
14-->src\debug\AndroidManifest.xml:6:5-66
14-->src\debug\AndroidManifest.xml:6:22-64
15
16    <uses-feature android:glEsVersion="0x00020000" />
16-->[:UnityExport] AndroidManifest.xml:13:5-54
16-->[:UnityExport] AndroidManifest.xml:13:19-51
17    <uses-feature
17-->[:UnityExport] AndroidManifest.xml:14:5-16:36
18        android:name="android.hardware.touchscreen"
18-->[:UnityExport] AndroidManifest.xml:15:9-52
19        android:required="false" />
19-->[:UnityExport] AndroidManifest.xml:16:9-33
20    <uses-feature
20-->[:UnityExport] AndroidManifest.xml:17:5-19:36
21        android:name="android.hardware.touchscreen.multitouch"
21-->[:UnityExport] AndroidManifest.xml:18:9-63
22        android:required="false" />
22-->[:UnityExport] AndroidManifest.xml:19:9-33
23    <uses-feature
23-->[:UnityExport] AndroidManifest.xml:20:5-22:36
24        android:name="android.hardware.touchscreen.multitouch.distinct"
24-->[:UnityExport] AndroidManifest.xml:21:9-72
25        android:required="false" />
25-->[:UnityExport] AndroidManifest.xml:22:9-33
26    <!--
27 io.flutter.app.FlutterApplication is an android.app.Application that
28         calls FlutterMain.startInitialization(this); in its onCreate method.
29         In most cases you can leave this as-is, but you if you want to provide
30         additional functionality it is fine to subclass or reimplement
31         FlutterApplication and put your custom class here.
32    -->
33    <application
34        android:name="android.app.Application"
35        android:appComponentFactory="androidx.core.app.CoreComponentFactory"
35-->[androidx.core:core:1.6.0] AndroidManifest.xml:24:18-86
36        android:debuggable="true"
37        android:icon="@mipmap/ic_launcher"
38        android:label="tut"
39        android:testOnly="true" >
40        <activity
41            android:name="com.example.tut.MainActivity"
42            android:configChanges="orientation|keyboardHidden|keyboard|screenSize|smallestScreenSize|locale|layoutDirection|fontScale|screenLayout|density|uiMode"
43            android:hardwareAccelerated="true"
44            android:launchMode="singleTop"
45            android:theme="@style/LaunchTheme"
46            android:windowSoftInputMode="adjustResize" >
47
48            <!--
49                 Specifies an Android theme to apply to this Activity as soon as
50                 the Android process has started. This theme is visible to the user
51                 while the Flutter UI initializes. After that, this theme continues
52                 to determine the Window background behind the Flutter UI.
53            -->
54            <meta-data
55                android:name="io.flutter.embedding.android.NormalTheme"
56                android:resource="@style/NormalTheme" />
57            <!--
58                 Displays an Android View that continues showing the launch screen
59                 Drawable until Flutter paints its first frame, then this splash
60                 screen fades out. A splash screen is useful to avoid any visual
61                 gap between the end of Android's launch screen and the painting of
62                 Flutter's first frame.
63            -->
64            <meta-data
65                android:name="io.flutter.embedding.android.SplashScreenDrawable"
66                android:resource="@drawable/launch_background" />
67
68            <intent-filter>
69                <action android:name="android.intent.action.MAIN" />
70
71                <category android:name="android.intent.category.LAUNCHER" />
72            </intent-filter>
73        </activity>
74        <!--
75             Don't delete the meta-data below.
76             This is used by the Flutter tool to generate GeneratedPluginRegistrant.java
77        -->
78        <meta-data
79            android:name="flutterEmbedding"
80            android:value="2" />
81
82        <uses-library
82-->[androidx.window:window:1.0.0-beta04] AndroidManifest.xml:25:9-27:40
83            android:name="androidx.window.extensions"
83-->[androidx.window:window:1.0.0-beta04] AndroidManifest.xml:26:13-54
84            android:required="false" />
84-->[androidx.window:window:1.0.0-beta04] AndroidManifest.xml:27:13-37
85        <uses-library
85-->[androidx.window:window:1.0.0-beta04] AndroidManifest.xml:28:9-30:40
86            android:name="androidx.window.sidecar"
86-->[androidx.window:window:1.0.0-beta04] AndroidManifest.xml:29:13-51
87            android:required="false" />
87-->[androidx.window:window:1.0.0-beta04] AndroidManifest.xml:30:13-37
88
89        <meta-data
89-->[:UnityExport] AndroidManifest.xml:25:9-27:33
90            android:name="unity.splash-mode"
90-->[:UnityExport] AndroidManifest.xml:26:13-45
91            android:value="0" />
91-->[:UnityExport] AndroidManifest.xml:27:13-30
92        <meta-data
92-->[:UnityExport] AndroidManifest.xml:28:9-30:36
93            android:name="unity.splash-enable"
93-->[:UnityExport] AndroidManifest.xml:29:13-47
94            android:value="True" />
94-->[:UnityExport] AndroidManifest.xml:30:13-33
95        <meta-data
95-->[:UnityExport] AndroidManifest.xml:31:9-33:50
96            android:name="notch.config"
96-->[:UnityExport] AndroidManifest.xml:32:13-40
97            android:value="portrait|landscape" />
97-->[:UnityExport] AndroidManifest.xml:33:13-47
98        <meta-data
98-->[:UnityExport] AndroidManifest.xml:34:9-36:68
99            android:name="unity.build-id"
99-->[:UnityExport] AndroidManifest.xml:35:13-42
100            android:value="7b97a22e-7442-44d5-933e-80090e062ad4" />
100-->[:UnityExport] AndroidManifest.xml:36:13-65
101    </application>
102
103</manifest>